../A04/frames/x40/A04_00Aa.tiff
------
../A04/frames/x40/A04_00Aa.tiff
../A04/frames/x40/A04_00Ab.tiff
------
../A04/frames/x40/A04_00Ab.tiff
../A04/frames/x40/A04_00Ac.tiff
------
../A04/frames/x40/A04_00Ac.tiff
../A04/frames/x40/A04_00Ad.tiff
------
../A04/frames/x40/A04_00Ad.tiff
../A04/frames/x40/A04_00Ba.tiff
------
../A04/frames/x40/A04_00Ba.tiff
../A04/frames/x40/A04_00Bb.tiff
------
../A04/frames/x40/A04_00Bb.tiff
../A04/frames/x40/A04_00Bc.tiff
------
../A04/frames/x40/A04_00Bc.tiff
../A04/frames/x40/A04_00Bd.tiff
------
../A04/frames/x40/A04_00Bd.tiff
../A04/frames/x40/A04_00Ca.tiff
------
../A04/frames/x40/A04_00Ca.tiff
../A04/frames/x40/A04_00Cb.tiff
------
../A04/frames/x40/A04_00Cb.tiff
../A04/frames/x40/A04_00Cc.tiff
------
../A04/frames/x40/A04_00Cc.tiff
../A04/frames/x40/A04_00Cd.tiff
------
../A04/frames/x40/A04_00Cd.tiff
../A04/frames/x40/A04_00Da.tiff
------
../A04/frames/x40/A04_00Da.tiff
../A04/frames/x40/A04_00Db.tiff
------
../A04/frames/x40/A04_00Db.tiff
../A04/frames/x40/A04_00Dc.tiff
------
../A04/frames/x40/A04_00Dc.tiff
../A04/frames/x40/A04_00Dd.tiff
------
../A04/frames/x40/A04_00Dd.tiff
../A04/frames/x40/A04_01Aa.tiff
------
../A04/frames/x40/A04_01Aa.tiff
../A04/frames/x40/A04_01Ab.tiff
------
../A04/frames/x40/A04_01Ab.tiff
../A04/frames/x40/A04_01Ac.tiff
------
../A04/frames/x40/A04_01Ac.tiff
../A04/frames/x40/A04_01Ad.tiff
------
../A04/frames/x40/A04_01Ad.tiff
../A04/frames/x40/A04_01Ba.tiff
------
../A04/frames/x40/A04_01Ba.tiff
../A04/frames/x40/A04_01Bb.tiff
------
../A04/frames/x40/A04_01Bb.tiff
../A04/frames/x40/A04_01Bc.tiff
------
../A04/frames/x40/A04_01Bc.tiff
../A04/frames/x40/A04_01Bd.tiff
------
../A04/frames/x40/A04_01Bd.tiff
../A04/frames/x40/A04_01Ca.tiff
------
../A04/frames/x40/A04_01Ca.tiff
../A04/frames/x40/A04_01Cb.tiff
------
../A04/frames/x40/A04_01Cb.tiff
../A04/frames/x40/A04_01Cc.tiff
------
../A04/frames/x40/A04_01Cc.tiff
../A04/frames/x40/A04_01Cd.tiff
------
../A04/frames/x40/A04_01Cd.tiff
../A04/frames/x40/A04_01Da.tiff
------
../A04/frames/x40/A04_01Da.tiff
../A04/frames/x40/A04_01Db.tiff
------
../A04/frames/x40/A04_01Db.tiff
../A04/frames/x40/A04_01Dc.tiff
------
../A04/frames/x40/A04_01Dc.tiff
../A04/frames/x40/A04_01Dd.tiff
------
../A04/frames/x40/A04_01Dd.tiff
../A04/frames/x40/A04_02Aa.tiff
------
../A04/frames/x40/A04_02Aa.tiff
../A04/frames/x40/A04_02Ab.tiff
------
../A04/frames/x40/A04_02Ab.tiff
../A04/frames/x40/A04_02Ac.tiff
------
../A04/frames/x40/A04_02Ac.tiff
../A04/frames/x40/A04_02Ad.tiff
------
../A04/frames/x40/A04_02Ad.tiff
../A04/frames/x40/A04_02Ba.tiff
------
../A04/frames/x40/A04_02Ba.tiff
../A04/frames/x40/A04_02Bb.tiff
------
../A04/frames/x40/A04_02Bb.tiff
../A04/frames/x40/A04_02Bc.tiff
------
../A04/frames/x40/A04_02Bc.tiff
../A04/frames/x40/A04_02Bd.tiff
------
../A04/frames/x40/A04_02Bd.tiff
../A04/frames/x40/A04_02Ca.tiff
------
../A04/frames/x40/A04_02Ca.tiff
../A04/frames/x40/A04_02Cb.tiff
------
../A04/frames/x40/A04_02Cb.tiff
../A04/frames/x40/A04_02Cc.tiff
------
../A04/frames/x40/A04_02Cc.tiff
../A04/frames/x40/A04_02Cd.tiff
------
../A04/frames/x40/A04_02Cd.tiff
../A04/frames/x40/A04_02Da.tiff
------
../A04/frames/x40/A04_02Da.tiff
../A04/frames/x40/A04_02Db.tiff
------
../A04/frames/x40/A04_02Db.tiff
../A04/frames/x40/A04_02Dc.tiff
------
../A04/frames/x40/A04_02Dc.tiff
../A04/frames/x40/A04_02Dd.tiff
------
../A04/frames/x40/A04_02Dd.tiff
../A04/frames/x40/A04_03Aa.tiff
------
../A04/frames/x40/A04_03Aa.tiff
../A04/frames/x40/A04_03Ab.tiff
------
../A04/frames/x40/A04_03Ab.tiff
../A04/frames/x40/A04_03Ac.tiff
------
../A04/frames/x40/A04_03Ac.tiff
../A04/frames/x40/A04_03Ad.tiff
------
../A04/frames/x40/A04_03Ad.tiff
../A04/frames/x40/A04_03Ba.tiff
------
../A04/frames/x40/A04_03Ba.tiff
../A04/frames/x40/A04_03Bb.tiff
------
../A04/frames/x40/A04_03Bb.tiff
../A04/frames/x40/A04_03Bc.tiff
------
../A04/frames/x40/A04_03Bc.tiff
../A04/frames/x40/A04_03Bd.tiff
------
../A04/frames/x40/A04_03Bd.tiff
../A04/frames/x40/A04_03Ca.tiff
------
../A04/frames/x40/A04_03Ca.tiff
../A04/frames/x40/A04_03Cb.tiff
------
../A04/frames/x40/A04_03Cb.tiff
../A04/frames/x40/A04_03Cc.tiff
------
../A04/frames/x40/A04_03Cc.tiff
../A04/frames/x40/A04_03Cd.tiff
------
../A04/frames/x40/A04_03Cd.tiff
../A04/frames/x40/A04_03Da.tiff
------
../A04/frames/x40/A04_03Da.tiff
../A04/frames/x40/A04_03Db.tiff
------
../A04/frames/x40/A04_03Db.tiff
../A04/frames/x40/A04_03Dc.tiff
------
../A04/frames/x40/A04_03Dc.tiff
../A04/frames/x40/A04_03Dd.tiff
------
../A04/frames/x40/A04_03Dd.tiff
../A04/frames/x40/A04_04Aa.tiff
------
../A04/frames/x40/A04_04Aa.tiff
../A04/frames/x40/A04_04Ab.tiff
------
../A04/frames/x40/A04_04Ab.tiff
../A04/frames/x40/A04_04Ac.tiff
------
../A04/frames/x40/A04_04Ac.tiff
../A04/frames/x40/A04_04Ad.tiff
------
../A04/frames/x40/A04_04Ad.tiff
../A04/frames/x40/A04_04Ba.tiff
------
../A04/frames/x40/A04_04Ba.tiff
../A04/frames/x40/A04_04Bb.tiff
------
../A04/frames/x40/A04_04Bb.tiff
../A04/frames/x40/A04_04Bc.tiff
------
../A04/frames/x40/A04_04Bc.tiff
../A04/frames/x40/A04_04Bd.tiff
------
../A04/frames/x40/A04_04Bd.tiff
../A04/frames/x40/A04_04Ca.tiff
------
../A04/frames/x40/A04_04Ca.tiff
../A04/frames/x40/A04_04Cb.tiff
------
../A04/frames/x40/A04_04Cb.tiff
../A04/frames/x40/A04_04Cc.tiff
------
../A04/frames/x40/A04_04Cc.tiff
../A04/frames/x40/A04_04Cd.tiff
------
../A04/frames/x40/A04_04Cd.tiff
../A04/frames/x40/A04_04Da.tiff
------
../A04/frames/x40/A04_04Da.tiff
../A04/frames/x40/A04_04Db.tiff
------
../A04/frames/x40/A04_04Db.tiff
../A04/frames/x40/A04_04Dc.tiff
------
../A04/frames/x40/A04_04Dc.tiff
../A04/frames/x40/A04_04Dd.tiff
------
../A04/frames/x40/A04_04Dd.tiff
../A04/frames/x40/A04_05Aa.tiff
------
../A04/frames/x40/A04_05Aa.tiff
../A04/frames/x40/A04_05Ab.tiff
------
../A04/frames/x40/A04_05Ab.tiff
../A04/frames/x40/A04_05Ac.tiff
------
../A04/frames/x40/A04_05Ac.tiff
../A04/frames/x40/A04_05Ad.tiff
------
../A04/frames/x40/A04_05Ad.tiff
../A04/frames/x40/A04_05Ba.tiff
------
../A04/frames/x40/A04_05Ba.tiff
../A04/frames/x40/A04_05Bb.tiff
------
../A04/frames/x40/A04_05Bb.tiff
../A04/frames/x40/A04_05Bc.tiff
------
../A04/frames/x40/A04_05Bc.tiff
../A04/frames/x40/A04_05Bd.tiff
------
../A04/frames/x40/A04_05Bd.tiff
../A04/frames/x40/A04_05Ca.tiff
------
../A04/frames/x40/A04_05Ca.tiff
../A04/frames/x40/A04_05Cb.tiff
------
../A04/frames/x40/A04_05Cb.tiff
../A04/frames/x40/A04_05Cc.tiff
------
../A04/frames/x40/A04_05Cc.tiff
../A04/frames/x40/A04_05Cd.tiff
------
../A04/frames/x40/A04_05Cd.tiff
../A04/frames/x40/A04_05Da.tiff
------
../A04/frames/x40/A04_05Da.tiff
../A04/frames/x40/A04_05Db.tiff
------
../A04/frames/x40/A04_05Db.tiff
../A04/frames/x40/A04_05Dc.tiff
------
../A04/frames/x40/A04_05Dc.tiff
../A04/frames/x40/A04_05Dd.tiff
------
../A04/frames/x40/A04_05Dd.tiff
../A04/frames/x40/A04_06Aa.tiff
------
../A04/frames/x40/A04_06Aa.tiff
../A04/frames/x40/A04_06Ab.tiff
------
../A04/frames/x40/A04_06Ab.tiff
../A04/frames/x40/A04_06Ac.tiff
------
../A04/frames/x40/A04_06Ac.tiff
../A04/frames/x40/A04_06Ad.tiff
------
../A04/frames/x40/A04_06Ad.tiff
../A04/frames/x40/A04_06Ba.tiff
------
../A04/frames/x40/A04_06Ba.tiff
../A04/frames/x40/A04_06Bb.tiff
------
../A04/frames/x40/A04_06Bb.tiff
../A04/frames/x40/A04_06Bc.tiff
------
../A04/frames/x40/A04_06Bc.tiff
../A04/frames/x40/A04_06Bd.tiff
------
../A04/frames/x40/A04_06Bd.tiff
../A04/frames/x40/A04_06Ca.tiff
------
../A04/frames/x40/A04_06Ca.tiff
../A04/frames/x40/A04_06Cb.tiff
------
../A04/frames/x40/A04_06Cb.tiff
../A04/frames/x40/A04_06Cc.tiff
------
../A04/frames/x40/A04_06Cc.tiff
../A04/frames/x40/A04_06Cd.tiff
------
../A04/frames/x40/A04_06Cd.tiff
../A04/frames/x40/A04_06Da.tiff
------
../A04/frames/x40/A04_06Da.tiff
../A04/frames/x40/A04_06Db.tiff
------
../A04/frames/x40/A04_06Db.tiff
../A04/frames/x40/A04_06Dc.tiff
------
../A04/frames/x40/A04_06Dc.tiff
../A04/frames/x40/A04_06Dd.tiff
------
../A04/frames/x40/A04_06Dd.tiff
../A04/frames/x40/A04_07Aa.tiff
------
../A04/frames/x40/A04_07Aa.tiff
../A04/frames/x40/A04_07Ab.tiff
------
../A04/frames/x40/A04_07Ab.tiff
../A04/frames/x40/A04_07Ac.tiff
------
../A04/frames/x40/A04_07Ac.tiff
../A04/frames/x40/A04_07Ad.tiff
------
../A04/frames/x40/A04_07Ad.tiff
../A04/frames/x40/A04_07Ba.tiff
------
../A04/frames/x40/A04_07Ba.tiff
../A04/frames/x40/A04_07Bb.tiff
------
../A04/frames/x40/A04_07Bb.tiff
../A04/frames/x40/A04_07Bc.tiff
------
../A04/frames/x40/A04_07Bc.tiff
../A04/frames/x40/A04_07Bd.tiff
------
../A04/frames/x40/A04_07Bd.tiff
../A04/frames/x40/A04_07Ca.tiff
------
../A04/frames/x40/A04_07Ca.tiff
../A04/frames/x40/A04_07Cb.tiff
------
../A04/frames/x40/A04_07Cb.tiff
../A04/frames/x40/A04_07Cc.tiff
------
../A04/frames/x40/A04_07Cc.tiff
../A04/frames/x40/A04_07Cd.tiff
------
../A04/frames/x40/A04_07Cd.tiff
../A04/frames/x40/A04_07Da.tiff
------
../A04/frames/x40/A04_07Da.tiff
../A04/frames/x40/A04_07Db.tiff
------
../A04/frames/x40/A04_07Db.tiff
../A04/frames/x40/A04_07Dc.tiff
------
../A04/frames/x40/A04_07Dc.tiff
../A04/frames/x40/A04_07Dd.tiff
------
../A04/frames/x40/A04_07Dd.tiff
